<?xml version="1.0" encoding="UTF-8"?>
<!-- Generated by org.testng.reporters.JUnitReportReporter -->
<testsuite hostname="DESKTOP-OL99M2N" failures="0" tests="2" name="testng1.dataproviderannotation" time="71.732" errors="0" timestamp="2023-12-03T11:30:44 IST" skipped="0">
  <testcase classname="testng1.dataproviderannotation" name="loginToApplication" time="36.857"/>
  <testcase classname="testng1.dataproviderannotation" name="loginToApplication" time="34.875"/>
</testsuite> <!-- testng1.dataproviderannotation -->
