<?xml version="1.0" encoding="UTF-8"?>
<!-- Generated by org.testng.reporters.JUnitReportReporter -->
<testsuite hostname="DESKTOP-OL99M2N" failures="0" tests="1" name="testng1.browserdriverchrome" time="4.135" errors="0" timestamp="2023-12-01T18:40:26 IST" skipped="0">
  <testcase classname="testng1.browserdriverchrome" name="launchGooglePage" time="4.135"/>
</testsuite> <!-- testng1.browserdriverchrome -->
