<?xml version="1.0" encoding="UTF-8"?>
<!-- Generated by org.testng.reporters.JUnitReportReporter -->
<testsuite hostname="DESKTOP-OL99M2N" failures="0" tests="1" name="com.hrm.testcases.LoginTest" time="4.490" errors="0" timestamp="2023-12-05T16:09:17 IST" skipped="0">
  <testcase classname="com.hrm.testcases.LoginTest" name="loginWithValidUserNameAndValidPassword" time="4.490"/>
</testsuite> <!-- com.hrm.testcases.LoginTest -->
