<?xml version="1.0" encoding="UTF-8"?>
<!-- Generated by org.testng.reporters.JUnitReportReporter -->
<testsuite hostname="DESKTOP-OL99M2N" failures="0" tests="1" name="testng1.assertequals" time="36.832" errors="0" timestamp="2023-12-02T08:48:36 IST" skipped="0">
  <testcase classname="testng1.assertequals" name="loginToOrangeHRM" time="36.832"/>
</testsuite> <!-- testng1.assertequals -->
