<?xml version="1.0" encoding="UTF-8"?>
<!-- Generated by org.testng.reporters.JUnitReportReporter -->
<testsuite hostname="DESKTOP-OL99M2N" failures="0" tests="1" name="testng1.multiplegroupstestcases_supportingtestcase" time="0.012" errors="0" timestamp="2023-12-03T12:56:28 IST" skipped="0">
  <testcase classname="testng1.multiplegroupstestcases_supportingtestcase" name="createAccountTest" time="0.012"/>
</testsuite> <!-- testng1.multiplegroupstestcases_supportingtestcase -->
