<?xml version="1.0" encoding="UTF-8"?>
<!-- Generated by org.testng.reporters.JUnitReportReporter -->
<testsuite hostname="DESKTOP-OL99M2N" failures="0" tests="1" name="com.hrm.testcases.LoginTest" time="5.271" errors="0" timestamp="2023-12-07T11:04:19 IST" skipped="0">
  <testcase classname="com.hrm.testcases.LoginTest" name="loginWithValidUserNameAndValidPassword" time="5.271"/>
</testsuite> <!-- com.hrm.testcases.LoginTest -->
