<?xml version="1.0" encoding="UTF-8"?>
<!-- Generated by org.testng.reporters.JUnitReportReporter -->
<testsuite hostname="DESKTOP-OL99M2N" failures="0" tests="2" name="testng1.multiplegroupstestcases" time="0.006" errors="0" timestamp="2023-12-03T12:56:28 IST" skipped="0">
  <testcase classname="testng1.multiplegroupstestcases" name="login_1" time="0.003"/>
  <testcase classname="testng1.multiplegroupstestcases" name="resetPassword_2" time="0.003"/>
</testsuite> <!-- testng1.multiplegroupstestcases -->
