<?xml version="1.0" encoding="UTF-8"?>
<!-- Generated by org.testng.reporters.JUnitReportReporter -->
<testsuite hostname="DESKTOP-OL99M2N" failures="0" tests="1" name="testng1.parameterannotation" time="36.229" errors="0" timestamp="2023-12-02T17:05:58 IST" skipped="0">
  <testcase classname="testng1.parameterannotation" name="loginToApplication" time="36.229"/>
</testsuite> <!-- testng1.parameterannotation -->
