<?xml version="1.0" encoding="UTF-8"?>
<!-- Generated by org.testng.reporters.JUnitReportReporter -->
<testsuite hostname="DESKTOP-OL99M2N" failures="0" tests="1" name="com.hrm.testcases.HomePageTest" time="2.127" errors="0" timestamp="2023-12-05T16:09:17 IST" skipped="0">
  <testcase classname="com.hrm.testcases.HomePageTest" name="logout" time="2.127"/>
</testsuite> <!-- com.hrm.testcases.HomePageTest -->
