<?xml version="1.0" encoding="UTF-8"?>
<!-- Generated by org.testng.reporters.JUnitReportReporter -->
<testsuite hostname="DESKTOP-OL99M2N" failures="0" tests="2" name="testng1.grouptestcases" time="0.015" errors="0" timestamp="2023-12-03T12:38:42 IST" skipped="0">
  <testcase classname="testng1.grouptestcases" name="login_1" time="0.011"/>
  <testcase classname="testng1.grouptestcases" name="login_2" time="0.004"/>
</testsuite> <!-- testng1.grouptestcases -->
