<?xml version="1.0" encoding="UTF-8"?>
<!-- Generated by org.testng.reporters.JUnitReportReporter -->
<testsuite hostname="DESKTOP-OL99M2N" failures="0" tests="1" name="testng1.testngxmllearning" time="35.351" errors="0" timestamp="2023-12-04T13:53:53 IST" skipped="0">
  <testcase classname="testng1.testngxmllearning" name="loginToApplication" time="35.351"/>
</testsuite> <!-- testng1.testngxmllearning -->
